{"C:\\Users\\wande\\Documents\\200406-java-react-usf\\Kennedy_Wandelt_p0\\src\\errors\\errors.ts": {"path":"C:\\Users\\wande\\Documents\\200406-java-react-usf\\Kennedy_Wandelt_p0\\src\\errors\\errors.ts","statementMap":{"0":{"start":{"line":1,"column":0},"end":{"line":1,"column":null}},"1":{"start":{"line":9,"column":8},"end":{"line":9,"column":37}},"2":{"start":{"line":10,"column":8},"end":{"line":10,"column":54}},"3":{"start":{"line":11,"column":8},"end":{"line":11,"column":36}},"4":{"start":{"line":12,"column":8},"end":{"line":12,"column":72}},"5":{"start":{"line":15,"column":4},"end":{"line":17,"column":null}},"6":{"start":{"line":16,"column":8},"end":{"line":16,"column":31}},"7":{"start":{"line":18,"column":0},"end":{"line":18,"column":null}},"8":{"start":{"line":21,"column":0},"end":{"line":21,"column":null}},"9":{"start":{"line":21,"column":32},"end":{"line":21,"column":48}},"10":{"start":{"line":24,"column":8},"end":{"line":24,"column":null}},"11":{"start":{"line":25,"column":8},"end":{"line":25,"column":43}},"12":{"start":{"line":27,"column":0},"end":{"line":27,"column":null}},"13":{"start":{"line":56,"column":4},"end":{"line":56,"column":21}},"14":{"start":{"line":30,"column":0},"end":{"line":30,"column":null}},"15":{"start":{"line":30,"column":30},"end":{"line":30,"column":46}},"16":{"start":{"line":33,"column":8},"end":{"line":33,"column":null}},"17":{"start":{"line":34,"column":8},"end":{"line":34,"column":56}},"18":{"start":{"line":36,"column":0},"end":{"line":36,"column":null}},"19":{"start":{"line":57,"column":4},"end":{"line":57,"column":19}},"20":{"start":{"line":39,"column":0},"end":{"line":39,"column":null}},"21":{"start":{"line":39,"column":28},"end":{"line":39,"column":44}},"22":{"start":{"line":42,"column":8},"end":{"line":42,"column":null}},"23":{"start":{"line":43,"column":8},"end":{"line":43,"column":48}},"24":{"start":{"line":45,"column":0},"end":{"line":45,"column":null}},"25":{"start":{"line":58,"column":4},"end":{"line":58,"column":17}},"26":{"start":{"line":47,"column":0},"end":{"line":47,"column":null}},"27":{"start":{"line":47,"column":34},"end":{"line":47,"column":50}},"28":{"start":{"line":50,"column":8},"end":{"line":50,"column":null}},"29":{"start":{"line":51,"column":8},"end":{"line":51,"column":56}},"30":{"start":{"line":53,"column":0},"end":{"line":53,"column":null}},"31":{"start":{"line":59,"column":4},"end":{"line":59,"column":23}}},"fnMap":{"0":{"name":"(anonymous_6)","decl":{"start":{"line":1,"column":0},"end":{"line":1,"column":null}},"loc":{"start":{"line":1,"column":0},"end":{"line":18,"column":null}}},"1":{"name":"ApplicationError","decl":{"start":{"line":8,"column":4},"end":{"line":8,"column":16}},"loc":{"start":{"line":8,"column":48},"end":{"line":13,"column":5}}},"2":{"name":"(anonymous_8)","decl":{"start":{"line":15,"column":4},"end":{"line":15,"column":14}},"loc":{"start":{"line":15,"column":29},"end":{"line":17,"column":5}}},"3":{"name":"(anonymous_9)","decl":{"start":{"line":21,"column":0},"end":{"line":21,"column":32}},"loc":{"start":{"line":21,"column":0},"end":{"line":27,"column":null}}},"4":{"name":"DataNotFoundError","decl":{"start":{"line":23,"column":4},"end":{"line":23,"column":16}},"loc":{"start":{"line":23,"column":31},"end":{"line":26,"column":5}}},"5":{"name":"(anonymous_11)","decl":{"start":{"line":30,"column":0},"end":{"line":30,"column":30}},"loc":{"start":{"line":30,"column":0},"end":{"line":36,"column":null}}},"6":{"name":"BadRequestError","decl":{"start":{"line":32,"column":4},"end":{"line":32,"column":16}},"loc":{"start":{"line":32,"column":31},"end":{"line":35,"column":5}}},"7":{"name":"(anonymous_13)","decl":{"start":{"line":39,"column":0},"end":{"line":39,"column":28}},"loc":{"start":{"line":39,"column":0},"end":{"line":45,"column":null}}},"8":{"name":"DataSaveError","decl":{"start":{"line":41,"column":4},"end":{"line":41,"column":16}},"loc":{"start":{"line":41,"column":31},"end":{"line":44,"column":5}}},"9":{"name":"(anonymous_15)","decl":{"start":{"line":47,"column":0},"end":{"line":47,"column":34}},"loc":{"start":{"line":47,"column":0},"end":{"line":53,"column":null}}},"10":{"name":"InternalServerError","decl":{"start":{"line":49,"column":4},"end":{"line":49,"column":16}},"loc":{"start":{"line":49,"column":31},"end":{"line":52,"column":5}}}},"branchMap":{"0":{"loc":{"start":{"line":12,"column":15},"end":{"line":12,"column":32}},"type":"cond-expr","locations":[{"start":{"line":12,"column":15},"end":{"line":12,"column":32}},{"start":{"line":12,"column":36},"end":{"line":12,"column":71}}]},"1":{"loc":{"start":{"line":24,"column":8},"end":{"line":24,"column":26}},"type":"binary-expr","locations":[{"start":{"line":24,"column":8},"end":{"line":24,"column":26}},{"start":{"line":24,"column":26},"end":{"line":24,"column":null}}]},"2":{"loc":{"start":{"line":33,"column":8},"end":{"line":33,"column":26}},"type":"binary-expr","locations":[{"start":{"line":33,"column":8},"end":{"line":33,"column":26}},{"start":{"line":33,"column":26},"end":{"line":33,"column":null}}]},"3":{"loc":{"start":{"line":42,"column":8},"end":{"line":42,"column":26}},"type":"binary-expr","locations":[{"start":{"line":42,"column":8},"end":{"line":42,"column":26}},{"start":{"line":42,"column":26},"end":{"line":42,"column":null}}]},"4":{"loc":{"start":{"line":50,"column":8},"end":{"line":50,"column":26}},"type":"binary-expr","locations":[{"start":{"line":50,"column":8},"end":{"line":50,"column":26}},{"start":{"line":50,"column":26},"end":{"line":50,"column":null}}]}},"s":{"0":1,"1":0,"2":0,"3":0,"4":0,"5":1,"6":0,"7":1,"8":1,"9":1,"10":0,"11":0,"12":1,"13":1,"14":1,"15":1,"16":0,"17":0,"18":1,"19":1,"20":1,"21":1,"22":0,"23":0,"24":1,"25":1,"26":1,"27":1,"28":0,"29":0,"30":1,"31":1},"f":{"0":1,"1":0,"2":0,"3":1,"4":0,"5":1,"6":0,"7":1,"8":0,"9":1,"10":0},"b":{"0":[0,0],"1":[0,0],"2":[0,0],"3":[0,0],"4":[0,0]}}
,"C:\\Users\\wande\\Documents\\200406-java-react-usf\\Kennedy_Wandelt_p0\\src\\models\\ingredient.ts": {"path":"C:\\Users\\wande\\Documents\\200406-java-react-usf\\Kennedy_Wandelt_p0\\src\\models\\ingredient.ts","statementMap":{"0":{"start":{"line":1,"column":0},"end":{"line":1,"column":13}},"1":{"start":{"line":18,"column":8},"end":{"line":18,"column":21}},"2":{"start":{"line":19,"column":8},"end":{"line":19,"column":31}},"3":{"start":{"line":20,"column":8},"end":{"line":20,"column":25}},"4":{"start":{"line":21,"column":8},"end":{"line":21,"column":33}},"5":{"start":{"line":22,"column":8},"end":{"line":22,"column":27}},"6":{"start":{"line":23,"column":8},"end":{"line":23,"column":31}},"7":{"start":{"line":24,"column":8},"end":{"line":24,"column":25}},"8":{"start":{"line":27,"column":0},"end":{"line":27,"column":null}},"9":{"start":{"line":1,"column":13},"end":{"line":1,"column":23}}},"fnMap":{"0":{"name":"(anonymous_0)","decl":{"start":{"line":1,"column":0},"end":{"line":1,"column":13}},"loc":{"start":{"line":1,"column":0},"end":{"line":27,"column":null}}},"1":{"name":"Ingredient","decl":{"start":{"line":17,"column":4},"end":{"line":17,"column":17}},"loc":{"start":{"line":17,"column":119},"end":{"line":26,"column":5}}}},"branchMap":{},"s":{"0":1,"1":2,"2":2,"3":2,"4":2,"5":2,"6":2,"7":2,"8":1,"9":1},"f":{"0":1,"1":2},"b":{}}
,"C:\\Users\\wande\\Documents\\200406-java-react-usf\\Kennedy_Wandelt_p0\\src\\repos\\ingredient-repo.ts": {"path":"C:\\Users\\wande\\Documents\\200406-java-react-usf\\Kennedy_Wandelt_p0\\src\\repos\\ingredient-repo.ts","statementMap":{"0":{"start":{"line":3,"column":0},"end":{"line":3,"column":null}},"1":{"start":{"line":10,"column":0},"end":{"line":10,"column":36}},"2":{"start":{"line":11,"column":0},"end":{"line":11,"column":67}},"3":{"start":{"line":14,"column":0},"end":{"line":14,"column":13}},"4":{"start":{"line":17,"column":10},"end":{"line":31,"column":null}},"5":{"start":{"line":22,"column":21},"end":{"line":22,"column":52}},"6":{"start":{"line":22,"column":12},"end":{"line":22,"column":52}},"7":{"start":{"line":23,"column":16},"end":{"line":23,"column":50}},"8":{"start":{"line":24,"column":21},"end":{"line":24,"column":null}},"9":{"start":{"line":24,"column":16},"end":{"line":24,"column":null}},"10":{"start":{"line":25,"column":12},"end":{"line":25,"column":55}},"11":{"start":{"line":27,"column":12},"end":{"line":27,"column":44}},"12":{"start":{"line":29,"column":12},"end":{"line":29,"column":39}},"13":{"start":{"line":33,"column":10},"end":{"line":46,"column":null}},"14":{"start":{"line":37,"column":21},"end":{"line":37,"column":52}},"15":{"start":{"line":37,"column":12},"end":{"line":37,"column":52}},"16":{"start":{"line":38,"column":16},"end":{"line":38,"column":77}},"17":{"start":{"line":39,"column":21},"end":{"line":39,"column":null}},"18":{"start":{"line":39,"column":16},"end":{"line":39,"column":null}},"19":{"start":{"line":40,"column":12},"end":{"line":40,"column":54}},"20":{"start":{"line":42,"column":12},"end":{"line":42,"column":44}},"21":{"start":{"line":44,"column":12},"end":{"line":44,"column":39}},"22":{"start":{"line":48,"column":10},"end":{"line":68,"column":null}},"23":{"start":{"line":54,"column":21},"end":{"line":54,"column":52}},"24":{"start":{"line":54,"column":12},"end":{"line":54,"column":52}},"25":{"start":{"line":56,"column":16},"end":{"line":56,"column":201}},"26":{"start":{"line":58,"column":21},"end":{"line":58,"column":null}},"27":{"start":{"line":58,"column":16},"end":{"line":58,"column":null}},"28":{"start":{"line":60,"column":12},"end":{"line":60,"column":38}},"29":{"start":{"line":61,"column":12},"end":{"line":61,"column":26}},"30":{"start":{"line":64,"column":12},"end":{"line":64,"column":44}},"31":{"start":{"line":66,"column":12},"end":{"line":66,"column":39}},"32":{"start":{"line":70,"column":10},"end":{"line":87,"column":null}},"33":{"start":{"line":76,"column":21},"end":{"line":76,"column":52}},"34":{"start":{"line":76,"column":12},"end":{"line":76,"column":52}},"35":{"start":{"line":78,"column":16},"end":{"line":78,"column":75}},"36":{"start":{"line":79,"column":21},"end":{"line":79,"column":null}},"37":{"start":{"line":79,"column":16},"end":{"line":79,"column":null}},"38":{"start":{"line":81,"column":12},"end":{"line":81,"column":24}},"39":{"start":{"line":83,"column":12},"end":{"line":83,"column":44}},"40":{"start":{"line":85,"column":12},"end":{"line":85,"column":39}},"41":{"start":{"line":89,"column":10},"end":{"line":106,"column":null}},"42":{"start":{"line":94,"column":21},"end":{"line":94,"column":52}},"43":{"start":{"line":94,"column":12},"end":{"line":94,"column":52}},"44":{"start":{"line":96,"column":16},"end":{"line":96,"column":null}},"45":{"start":{"line":97,"column":21},"end":{"line":97,"column":null}},"46":{"start":{"line":97,"column":16},"end":{"line":97,"column":null}},"47":{"start":{"line":99,"column":12},"end":{"line":99,"column":55}},"48":{"start":{"line":102,"column":12},"end":{"line":102,"column":44}},"49":{"start":{"line":104,"column":12},"end":{"line":104,"column":39}},"50":{"start":{"line":107,"column":0},"end":{"line":107,"column":null}},"51":{"start":{"line":14,"column":13},"end":{"line":14,"column":27}}},"fnMap":{"0":{"name":"(anonymous_13)","decl":{"start":{"line":14,"column":0},"end":{"line":14,"column":13}},"loc":{"start":{"line":14,"column":0},"end":{"line":107,"column":null}}},"1":{"name":"(anonymous_15)","decl":{"start":{"line":17,"column":4},"end":{"line":17,"column":10}},"loc":{"start":{"line":17,"column":4},"end":{"line":31,"column":null}}},"2":{"name":"(anonymous_18)","decl":{"start":{"line":33,"column":4},"end":{"line":33,"column":10}},"loc":{"start":{"line":33,"column":32},"end":{"line":46,"column":null}}},"3":{"name":"(anonymous_21)","decl":{"start":{"line":48,"column":4},"end":{"line":48,"column":10}},"loc":{"start":{"line":48,"column":33},"end":{"line":68,"column":null}}},"4":{"name":"(anonymous_24)","decl":{"start":{"line":70,"column":4},"end":{"line":70,"column":10}},"loc":{"start":{"line":70,"column":35},"end":{"line":87,"column":null}}},"5":{"name":"(anonymous_27)","decl":{"start":{"line":89,"column":4},"end":{"line":89,"column":10}},"loc":{"start":{"line":89,"column":42},"end":{"line":106,"column":null}}}},"branchMap":{"0":{"loc":{"start":{"line":29,"column":12},"end":{"line":29,"column":18}},"type":"binary-expr","locations":[{"start":{"line":29,"column":12},"end":{"line":29,"column":18}},{"start":{"line":29,"column":22},"end":{"line":29,"column":38}}]},"1":{"loc":{"start":{"line":44,"column":12},"end":{"line":44,"column":18}},"type":"binary-expr","locations":[{"start":{"line":44,"column":12},"end":{"line":44,"column":18}},{"start":{"line":44,"column":22},"end":{"line":44,"column":38}}]},"2":{"loc":{"start":{"line":66,"column":12},"end":{"line":66,"column":18}},"type":"binary-expr","locations":[{"start":{"line":66,"column":12},"end":{"line":66,"column":18}},{"start":{"line":66,"column":22},"end":{"line":66,"column":38}}]},"3":{"loc":{"start":{"line":85,"column":12},"end":{"line":85,"column":18}},"type":"binary-expr","locations":[{"start":{"line":85,"column":12},"end":{"line":85,"column":18}},{"start":{"line":85,"column":22},"end":{"line":85,"column":38}}]},"4":{"loc":{"start":{"line":104,"column":12},"end":{"line":104,"column":18}},"type":"binary-expr","locations":[{"start":{"line":104,"column":12},"end":{"line":104,"column":18}},{"start":{"line":104,"column":22},"end":{"line":104,"column":38}}]}},"s":{"0":1,"1":1,"2":1,"3":1,"4":1,"5":2,"6":2,"7":2,"8":2,"9":2,"10":2,"11":0,"12":2,"13":1,"14":1,"15":1,"16":1,"17":1,"18":1,"19":1,"20":0,"21":1,"22":1,"23":0,"24":0,"25":0,"26":0,"27":0,"28":0,"29":0,"30":0,"31":0,"32":1,"33":0,"34":0,"35":0,"36":0,"37":0,"38":0,"39":0,"40":0,"41":1,"42":0,"43":0,"44":0,"45":0,"46":0,"47":0,"48":0,"49":0,"50":1,"51":1},"f":{"0":2,"1":2,"2":1,"3":0,"4":0,"5":0},"b":{"0":[2,2],"1":[1,1],"2":[0,0],"3":[0,0],"4":[0,0]}}
}
