TN:
SF:src\errors\errors.ts
FN:1,(anonymous_6)
FN:8,ApplicationError
FN:15,(anonymous_8)
FN:21,(anonymous_9)
FN:23,DataNotFoundError
FN:30,(anonymous_11)
FN:32,BadRequestError
FN:39,(anonymous_13)
FN:41,DataSaveError
FN:47,(anonymous_15)
FN:49,InternalServerError
FNF:11
FNH:5
FNDA:1,(anonymous_6)
FNDA:0,ApplicationError
FNDA:0,(anonymous_8)
FNDA:1,(anonymous_9)
FNDA:0,DataNotFoundError
FNDA:1,(anonymous_11)
FNDA:0,BadRequestError
FNDA:1,(anonymous_13)
FNDA:0,DataSaveError
FNDA:1,(anonymous_15)
FNDA:0,InternalServerError
DA:1,1
DA:9,0
DA:10,0
DA:11,0
DA:12,0
DA:15,1
DA:16,0
DA:18,1
DA:21,1
DA:24,0
DA:25,0
DA:27,1
DA:30,1
DA:33,0
DA:34,0
DA:36,1
DA:39,1
DA:42,0
DA:43,0
DA:45,1
DA:47,1
DA:50,0
DA:51,0
DA:53,1
DA:56,1
DA:57,1
DA:58,1
DA:59,1
LF:28
LH:15
BRDA:12,0,0,0
BRDA:12,0,1,0
BRDA:24,1,0,0
BRDA:24,1,1,0
BRDA:33,2,0,0
BRDA:33,2,1,0
BRDA:42,3,0,0
BRDA:42,3,1,0
BRDA:50,4,0,0
BRDA:50,4,1,0
BRF:10
BRH:0
end_of_record
TN:
SF:src\models\ingredient.ts
FN:1,(anonymous_0)
FN:17,Ingredient
FNF:2
FNH:2
FNDA:1,(anonymous_0)
FNDA:2,Ingredient
DA:1,1
DA:18,2
DA:19,2
DA:20,2
DA:21,2
DA:22,2
DA:23,2
DA:24,2
DA:27,1
LF:9
LH:9
BRF:0
BRH:0
end_of_record
TN:
SF:src\repos\ingredient-repo.ts
FN:14,(anonymous_13)
FN:17,(anonymous_15)
FN:33,(anonymous_18)
FN:48,(anonymous_21)
FN:70,(anonymous_24)
FN:89,(anonymous_27)
FNF:6
FNH:3
FNDA:2,(anonymous_13)
FNDA:2,(anonymous_15)
FNDA:1,(anonymous_18)
FNDA:0,(anonymous_21)
FNDA:0,(anonymous_24)
FNDA:0,(anonymous_27)
DA:3,1
DA:10,1
DA:11,1
DA:14,1
DA:17,1
DA:22,2
DA:23,2
DA:24,2
DA:25,2
DA:27,0
DA:29,2
DA:33,1
DA:37,1
DA:38,1
DA:39,1
DA:40,1
DA:42,0
DA:44,1
DA:48,1
DA:54,0
DA:56,0
DA:58,0
DA:60,0
DA:61,0
DA:64,0
DA:66,0
DA:70,1
DA:76,0
DA:78,0
DA:79,0
DA:81,0
DA:83,0
DA:85,0
DA:89,1
DA:94,0
DA:96,0
DA:97,0
DA:99,0
DA:102,0
DA:104,0
DA:107,1
LF:41
LH:20
BRDA:29,0,0,2
BRDA:29,0,1,2
BRDA:44,1,0,1
BRDA:44,1,1,1
BRDA:66,2,0,0
BRDA:66,2,1,0
BRDA:85,3,0,0
BRDA:85,3,1,0
BRDA:104,4,0,0
BRDA:104,4,1,0
BRF:10
BRH:4
end_of_record
